[3.083s] DEBUG:colcon:Command line arguments: ['/usr/bin/colcon', 'build', '--packages-select', 'message_generator']
[3.083s] DEBUG:colcon:Parsed command line arguments: Namespace(ament_cmake_args=None, base_paths='.', build_base='build', catkin_cmake_args=None, catkin_skip_building_tests=False, cmake_args=None, cmake_clean_cache=False, cmake_clean_first=False, cmake_force_configure=False, cmake_target=None, cmake_target_skip_unavailable=False, continue_on_error=False, event_handlers=None, executor='parallel', ignore_user_meta=False, install_base='install', log_base=None, log_level=None, main=<bound method BuildVerb.main of <colcon_core.verb.build.BuildVerb object at 0x7ffb31865b70>>, merge_install=False, metas='./colcon.meta', packages_above=None, packages_above_depth=None, packages_end=None, packages_ignore=None, packages_ignore_regex=None, packages_select=['message_generator'], packages_select_build_failed=False, packages_select_by_dep=None, packages_select_regex=None, packages_select_test_failures=False, packages_skip=None, packages_skip_build_finished=False, packages_skip_by_dep=None, packages_skip_regex=None, packages_skip_test_passed=False, packages_skip_up_to=None, packages_start=None, packages_up_to=None, parallel_workers=3, paths=None, symlink_install=False, test_result_base=None, verb_extension=<colcon_core.verb.build.BuildVerb object at 0x7ffb31865b70>, verb_name='build', verb_parser=<colcon_defaults.argument_parser.defaults.DefaultArgumentsDecorator object at 0x7ffb31865da0>)
[3.736s] Level 1:colcon.colcon_core.package_discovery:discover_packages(colcon_meta) check parameters
[3.736s] Level 1:colcon.colcon_core.package_discovery:discover_packages(recursive) check parameters
[3.736s] Level 1:colcon.colcon_core.package_discovery:discover_packages(ignore) check parameters
[3.736s] Level 1:colcon.colcon_core.package_discovery:discover_packages(path) check parameters
[3.736s] Level 1:colcon.colcon_core.package_discovery:discover_packages(recursive) discover
[3.737s] INFO:colcon.colcon_core.package_discovery:Crawling recursively for packages in '/home/bill/Antenna_publisher_fake'
[3.737s] Level 1:colcon.colcon_core.package_identification:_identify(/home/bill/Antenna_publisher_fake) by extensions ['ignore', 'ignore_ament_install']
[3.737s] Level 1:colcon.colcon_core.package_identification:_identify(/home/bill/Antenna_publisher_fake) by extension 'ignore'
[3.737s] Level 1:colcon.colcon_core.package_identification:_identify(/home/bill/Antenna_publisher_fake) by extension 'ignore_ament_install'
[3.738s] Level 1:colcon.colcon_core.package_identification:_identify(/home/bill/Antenna_publisher_fake) by extensions ['colcon_pkg']
[3.738s] Level 1:colcon.colcon_core.package_identification:_identify(/home/bill/Antenna_publisher_fake) by extension 'colcon_pkg'
[3.738s] Level 1:colcon.colcon_core.package_identification:_identify(/home/bill/Antenna_publisher_fake) by extensions ['colcon_meta']
[3.738s] Level 1:colcon.colcon_core.package_identification:_identify(/home/bill/Antenna_publisher_fake) by extension 'colcon_meta'
[3.738s] Level 1:colcon.colcon_core.package_identification:_identify(/home/bill/Antenna_publisher_fake) by extensions ['ros']
[3.738s] Level 1:colcon.colcon_core.package_identification:_identify(/home/bill/Antenna_publisher_fake) by extension 'ros'
[3.817s] Level 1:colcon.colcon_core.package_identification:_identify(/home/bill/Antenna_publisher_fake) by extensions ['cmake', 'python']
[3.817s] Level 1:colcon.colcon_core.package_identification:_identify(/home/bill/Antenna_publisher_fake) by extension 'cmake'
[3.817s] Level 1:colcon.colcon_core.package_identification:_identify(/home/bill/Antenna_publisher_fake) by extension 'python'
[3.817s] Level 1:colcon.colcon_core.package_identification:_identify(/home/bill/Antenna_publisher_fake) by extensions ['python_setup_py']
[3.817s] Level 1:colcon.colcon_core.package_identification:_identify(/home/bill/Antenna_publisher_fake) by extension 'python_setup_py'
[3.818s] Level 1:colcon.colcon_core.package_identification:_identify(/home/bill/Antenna_publisher_fake/build) by extensions ['ignore', 'ignore_ament_install']
[3.818s] Level 1:colcon.colcon_core.package_identification:_identify(/home/bill/Antenna_publisher_fake/build) by extension 'ignore'
[3.818s] Level 1:colcon.colcon_core.package_identification:_identify(/home/bill/Antenna_publisher_fake/build) ignored
[3.818s] Level 1:colcon.colcon_core.package_identification:_identify(/home/bill/Antenna_publisher_fake/install) by extensions ['ignore', 'ignore_ament_install']
[3.818s] Level 1:colcon.colcon_core.package_identification:_identify(/home/bill/Antenna_publisher_fake/install) by extension 'ignore'
[3.818s] Level 1:colcon.colcon_core.package_identification:_identify(/home/bill/Antenna_publisher_fake/install) ignored
[3.819s] Level 1:colcon.colcon_core.package_identification:_identify(/home/bill/Antenna_publisher_fake/log) by extensions ['ignore', 'ignore_ament_install']
[3.819s] Level 1:colcon.colcon_core.package_identification:_identify(/home/bill/Antenna_publisher_fake/log) by extension 'ignore'
[3.819s] Level 1:colcon.colcon_core.package_identification:_identify(/home/bill/Antenna_publisher_fake/log) ignored
[3.819s] Level 1:colcon.colcon_core.package_identification:_identify(/home/bill/Antenna_publisher_fake/message_generator) by extensions ['ignore', 'ignore_ament_install']
[3.819s] Level 1:colcon.colcon_core.package_identification:_identify(/home/bill/Antenna_publisher_fake/message_generator) by extension 'ignore'
[3.819s] Level 1:colcon.colcon_core.package_identification:_identify(/home/bill/Antenna_publisher_fake/message_generator) by extension 'ignore_ament_install'
[3.819s] Level 1:colcon.colcon_core.package_identification:_identify(/home/bill/Antenna_publisher_fake/message_generator) by extensions ['colcon_pkg']
[3.819s] Level 1:colcon.colcon_core.package_identification:_identify(/home/bill/Antenna_publisher_fake/message_generator) by extension 'colcon_pkg'
[3.819s] Level 1:colcon.colcon_core.package_identification:_identify(/home/bill/Antenna_publisher_fake/message_generator) by extensions ['colcon_meta']
[3.819s] Level 1:colcon.colcon_core.package_identification:_identify(/home/bill/Antenna_publisher_fake/message_generator) by extension 'colcon_meta'
[3.819s] Level 1:colcon.colcon_core.package_identification:_identify(/home/bill/Antenna_publisher_fake/message_generator) by extensions ['ros']
[3.819s] Level 1:colcon.colcon_core.package_identification:_identify(/home/bill/Antenna_publisher_fake/message_generator) by extension 'ros'
[3.840s] DEBUG:colcon.colcon_core.package_identification:Package '/home/bill/Antenna_publisher_fake/message_generator' with type 'ros.ament_python' and name 'message_generator'
[3.840s] Level 1:colcon.colcon_core.package_discovery:discover_packages(recursive) using defaults
[3.883s] Level 5:colcon.colcon_core.verb:set package 'message_generator' build argument 'cmake_args' from command line to 'None'
[3.883s] Level 5:colcon.colcon_core.verb:set package 'message_generator' build argument 'cmake_target' from command line to 'None'
[3.883s] Level 5:colcon.colcon_core.verb:set package 'message_generator' build argument 'cmake_target_skip_unavailable' from command line to 'False'
[3.883s] Level 5:colcon.colcon_core.verb:set package 'message_generator' build argument 'cmake_clean_cache' from command line to 'False'
[3.883s] Level 5:colcon.colcon_core.verb:set package 'message_generator' build argument 'cmake_clean_first' from command line to 'False'
[3.883s] Level 5:colcon.colcon_core.verb:set package 'message_generator' build argument 'cmake_force_configure' from command line to 'False'
[3.883s] Level 5:colcon.colcon_core.verb:set package 'message_generator' build argument 'ament_cmake_args' from command line to 'None'
[3.883s] Level 5:colcon.colcon_core.verb:set package 'message_generator' build argument 'catkin_cmake_args' from command line to 'None'
[3.883s] Level 5:colcon.colcon_core.verb:set package 'message_generator' build argument 'catkin_skip_building_tests' from command line to 'False'
[3.884s] DEBUG:colcon.colcon_core.verb:Building package 'message_generator' with the following arguments: {'ament_cmake_args': None, 'build_base': '/home/bill/Antenna_publisher_fake/build/message_generator', 'catkin_cmake_args': None, 'catkin_skip_building_tests': False, 'cmake_args': None, 'cmake_clean_cache': False, 'cmake_clean_first': False, 'cmake_force_configure': False, 'cmake_target': None, 'cmake_target_skip_unavailable': False, 'install_base': '/home/bill/Antenna_publisher_fake/install/message_generator', 'merge_install': False, 'path': '/home/bill/Antenna_publisher_fake/message_generator', 'symlink_install': False, 'test_result_base': None}
[3.884s] INFO:colcon.colcon_core.executor:Executing jobs using 'parallel' executor
[3.887s] DEBUG:colcon.colcon_parallel_executor.executor.parallel:run_until_complete
[3.887s] INFO:colcon.colcon_ros.task.ament_python.build:Building ROS package in '/home/bill/Antenna_publisher_fake/message_generator' with build type 'ament_python'
[3.887s] Level 1:colcon.colcon_core.shell:create_environment_hook('message_generator', 'ament_prefix_path')
[3.998s] INFO:colcon.colcon_core.plugin_system:Skipping extension 'colcon_core.shell.bat': Not used on non-Windows systems
[3.998s] INFO:colcon.colcon_core.shell:Creating environment hook '/home/bill/Antenna_publisher_fake/install/message_generator/share/message_generator/hook/ament_prefix_path.ps1'
[4.031s] INFO:colcon.colcon_core.shell:Creating environment descriptor '/home/bill/Antenna_publisher_fake/install/message_generator/share/message_generator/hook/ament_prefix_path.dsv'
[4.042s] INFO:colcon.colcon_core.shell:Creating environment hook '/home/bill/Antenna_publisher_fake/install/message_generator/share/message_generator/hook/ament_prefix_path.sh'
[4.045s] INFO:colcon.colcon_core.shell:Skip shell extension 'powershell' for command environment: Not usable outside of PowerShell
[4.045s] DEBUG:colcon.colcon_core.shell:Skip shell extension 'dsv' for command environment
[4.381s] DEBUG:colcon.colcon_core.shell:Ignoring prefix path '/opt/ros/eloquent'
[4.740s] INFO:colcon.colcon_core.task.python.build:Building Python package in '/home/bill/Antenna_publisher_fake/message_generator'
[4.741s] INFO:colcon.colcon_core.shell:Skip shell extension 'powershell' for command environment: Not usable outside of PowerShell
[4.741s] DEBUG:colcon.colcon_core.shell:Skip shell extension 'dsv' for command environment
[4.744s] DEBUG:colcon.colcon_core.shell:Ignoring prefix path '/opt/ros/eloquent'
[5.080s] DEBUG:colcon.colcon_core.event_handler.log_command:Invoking command in '/home/bill/Antenna_publisher_fake/message_generator': PYTHONPATH=/home/bill/Antenna_publisher_fake/install/message_generator/lib/python3.6/site-packages:${PYTHONPATH} /usr/bin/python3 setup.py egg_info --egg-base /home/bill/Antenna_publisher_fake/build/message_generator build --build-base /home/bill/Antenna_publisher_fake/build/message_generator/build install --prefix /home/bill/Antenna_publisher_fake/install/message_generator --record /home/bill/Antenna_publisher_fake/build/message_generator/install.log --single-version-externally-managed
[6.097s] DEBUG:colcon.colcon_core.event_handler.log_command:Invoked command in '/home/bill/Antenna_publisher_fake/message_generator' returned '0': PYTHONPATH=/home/bill/Antenna_publisher_fake/install/message_generator/lib/python3.6/site-packages:${PYTHONPATH} /usr/bin/python3 setup.py egg_info --egg-base /home/bill/Antenna_publisher_fake/build/message_generator build --build-base /home/bill/Antenna_publisher_fake/build/message_generator/build install --prefix /home/bill/Antenna_publisher_fake/install/message_generator --record /home/bill/Antenna_publisher_fake/build/message_generator/install.log --single-version-externally-managed
[6.202s] Level 1:colcon.colcon_core.environment:checking '/home/bill/Antenna_publisher_fake/install/message_generator' for CMake module files
[6.204s] Level 1:colcon.colcon_core.environment:checking '/home/bill/Antenna_publisher_fake/install/message_generator' for CMake config files
[6.206s] Level 1:colcon.colcon_core.environment:checking '/home/bill/Antenna_publisher_fake/install/message_generator/lib'
[6.207s] Level 1:colcon.colcon_core.environment:checking '/home/bill/Antenna_publisher_fake/install/message_generator/bin'
[6.207s] Level 1:colcon.colcon_core.environment:checking '/home/bill/Antenna_publisher_fake/install/message_generator/lib/pkgconfig/message_generator.pc'
[6.208s] Level 1:colcon.colcon_core.environment:checking '/home/bill/Antenna_publisher_fake/install/message_generator/lib/python3.6/site-packages'
[6.209s] Level 1:colcon.colcon_core.shell:create_environment_hook('message_generator', 'pythonpath')
[6.211s] INFO:colcon.colcon_core.shell:Creating environment hook '/home/bill/Antenna_publisher_fake/install/message_generator/share/message_generator/hook/pythonpath.ps1'
[6.214s] INFO:colcon.colcon_core.shell:Creating environment descriptor '/home/bill/Antenna_publisher_fake/install/message_generator/share/message_generator/hook/pythonpath.dsv'
[6.215s] INFO:colcon.colcon_core.shell:Creating environment hook '/home/bill/Antenna_publisher_fake/install/message_generator/share/message_generator/hook/pythonpath.sh'
[6.216s] Level 1:colcon.colcon_core.environment:create_environment_scripts_only(message_generator)
[6.217s] INFO:colcon.colcon_core.shell:Creating package script '/home/bill/Antenna_publisher_fake/install/message_generator/share/message_generator/package.ps1'
[6.231s] INFO:colcon.colcon_core.shell:Creating package descriptor '/home/bill/Antenna_publisher_fake/install/message_generator/share/message_generator/package.dsv'
[6.235s] INFO:colcon.colcon_core.shell:Creating package script '/home/bill/Antenna_publisher_fake/install/message_generator/share/message_generator/package.sh'
[6.238s] INFO:colcon.colcon_core.shell:Creating package script '/home/bill/Antenna_publisher_fake/install/message_generator/share/message_generator/package.bash'
[6.270s] INFO:colcon.colcon_core.shell:Creating package script '/home/bill/Antenna_publisher_fake/install/message_generator/share/message_generator/package.zsh'
[6.273s] Level 1:colcon.colcon_core.environment:create_file_with_runtime_dependencies(/home/bill/Antenna_publisher_fake/install/message_generator/share/colcon-core/packages/message_generator)
[6.273s] DEBUG:colcon.colcon_parallel_executor.executor.parallel:closing loop
[6.273s] DEBUG:colcon.colcon_parallel_executor.executor.parallel:loop closed
[6.273s] DEBUG:colcon.colcon_parallel_executor.executor.parallel:run_until_complete finished with '0'
[6.274s] DEBUG:colcon.colcon_core.event_reactor:joining thread
[6.329s] INFO:colcon.colcon_core.plugin_system:Skipping extension 'colcon_notification.desktop_notification.terminal_notifier': Not used on non-Darwin systems
[6.329s] INFO:colcon.colcon_core.plugin_system:Skipping extension 'colcon_notification.desktop_notification.win32': Not used on non-Windows systems
[6.329s] INFO:colcon.colcon_notification.desktop_notification:Sending desktop notification using 'notify2'
[6.342s] DEBUG:colcon.colcon_core.event_reactor:joined thread
[6.343s] INFO:colcon.colcon_core.shell:Creating prefix script '/home/bill/Antenna_publisher_fake/install/local_setup.ps1'
[6.358s] INFO:colcon.colcon_core.shell:Creating prefix util module '/home/bill/Antenna_publisher_fake/install/_local_setup_util_ps1.py'
[6.377s] INFO:colcon.colcon_core.shell:Creating prefix chain script '/home/bill/Antenna_publisher_fake/install/setup.ps1'
[6.398s] INFO:colcon.colcon_core.shell:Creating prefix script '/home/bill/Antenna_publisher_fake/install/local_setup.sh'
[6.418s] INFO:colcon.colcon_core.shell:Creating prefix util module '/home/bill/Antenna_publisher_fake/install/_local_setup_util_sh.py'
[6.418s] INFO:colcon.colcon_core.shell:Creating prefix chain script '/home/bill/Antenna_publisher_fake/install/setup.sh'
[6.423s] INFO:colcon.colcon_core.shell:Creating prefix script '/home/bill/Antenna_publisher_fake/install/local_setup.bash'
[6.426s] INFO:colcon.colcon_core.shell:Creating prefix chain script '/home/bill/Antenna_publisher_fake/install/setup.bash'
[6.435s] INFO:colcon.colcon_core.shell:Creating prefix script '/home/bill/Antenna_publisher_fake/install/local_setup.zsh'
[6.436s] INFO:colcon.colcon_core.shell:Creating prefix chain script '/home/bill/Antenna_publisher_fake/install/setup.zsh'
